[    8.229073] init: plymouth-upstart-bridge main process ended, respawning
[    9.573747] init: anacron main process (968) killed by TERM signal
[   63.022255] krsa: module verification failed: signature and/or  required key missing - tainting kernel
[   63.024338] Krsa: Entering: krsa_init
[   63.024347] sig_ffffffffa0126780: 45 57 13 ff 3f 07 4b 3a 40 67 17 2a 93 86 f4 04  EW..?.K:@g.*....
[   63.024354] sig_ffffffffa0126790: 28 1c 40 aa be 3c 3f e7 be 43 d3 c5 41 ab 98 c9  (.@..<?..C..A...
[   63.024360] sig_ffffffffa01267a0: 83 24 75 6b d0 bd 51 0c bc 09 f7 06 ab 74 63 71  .$uk..Q......tcq
[   63.024366] sig_ffffffffa01267b0: 9d f5 02 29 f4 13 c2 51 5a 52 d9 11 fe 01 7c aa  ...)...QZR....|.
[   63.024373] sig_ffffffffa01267c0: 45 ff 02 83 50 bb cd 99 c1 0e fd 2d 68 5c 56 8d  E...P......-h\V.
[   63.024380] sig_ffffffffa01267d0: 4c 97 60 08 bb 49 22 76 b5 8a c6 c1 e1 55 b5 2c  L.`..I"v.....U.,
[   63.024386] sig_ffffffffa01267e0: c7 41 52 a4 b7 9f ee 79 9e 1f 01 82 32 4a 93 0f  .AR....y....2J..
[   63.024392] sig_ffffffffa01267f0: 17 45 bd da f5 34 c4 35 46 dd 0b d8 04 25 ce 2a  .E...4.5F....%.*
[   63.024399] sig_ffffffffa0126800: 1f 6a 74 37 33 b8 fa 5a 32 b4 77 79 4a af cf 94  .jt73..Z2.wyJ...
[   63.024412] sig_ffffffffa0126810: c3 cb 04 41 77 5b c8 fd 5a 36 1c 24 60 44 6d 56  ...Aw[..Z6.$`DmV
[   63.024424] sig_ffffffffa0126820: b2 26 64 ef bb 14 20 8e b1 dc c1 65 c3 cf 63 b0  .&d... ....e..c.
[   63.024435] sig_ffffffffa0126830: f7 bc d2 cb d1 6e 72 31 06 d2 c8 39 34 22 2f c1  .....nr1...94"/.
[   63.024442] sig_ffffffffa0126840: 16 4e a4 52 d0 15 2b ec 2c 3d 24 a2 bf 2b 47 05  .N.R..+.,=$..+G.
[   63.024449] sig_ffffffffa0126850: 01 ea 92 9e 0a 29 da e1 0f 66 93 c2 0c 5f 4a a6  .....)...f..._J.
[   63.024455] sig_ffffffffa0126860: 54 33 98 40 f7 46 9e 59 52 39 0f 8a 18 ef eb 4f  T3.@.F.YR9.....O
[   63.024461] sig_ffffffffa0126870: 33 af 2a af ff 32 9f 13 f2 d2 f6 42 68 85 bb 08  3.*..2.....Bh...
[   63.024469] valid_ffffffffa0126740: 01 01 00 00 51 55 4f 54 b0 bc 37 52 01 21 46 77  ....QUOT..7R.!Fw
[   63.024475] valid_ffffffffa0126750: e8 4b b1 ee 7c 4f b1 b3 bd 01 6e 90 01 01 01 01  .K..|O....n.....
[   63.024481] valid_ffffffffa0126760: 01 01 01 01 01 01 01 01 01 01 01 01 01 01 01 01  ................
[   63.024487] rsa_n_ffffffffa0126640: c4 61 13 5f a6 0f a8 0a 8a eb 4b 35 a3 8f 48 e8  .a._......K5..H.
[   63.024493] rsa_n_ffffffffa0126650: 7e 51 f4 2b 6f 3b 9e 68 df 51 ee a1 4e 87 77 71  ~Q.+o;.h.Q..N.wq
[   63.024499] rsa_n_ffffffffa0126660: 51 2c 95 75 35 68 d2 14 4e 29 ef 0e 01 91 58 18  Q,.u5h..N)....X.
[   63.024505] rsa_n_ffffffffa0126670: 83 2f 6b 6b bd f1 f6 03 77 4c 96 ff 40 78 56 66  ./kk....wL..@xVf
[   63.024511] rsa_n_ffffffffa0126680: 97 ea de 2a 0d 69 a4 09 d7 29 3f 40 7d cd 5f b4  ...*.i...)?@}._.
[   63.024517] rsa_n_ffffffffa0126690: 42 9d cb 22 95 8f 31 22 19 2e 7d fa fa 40 41 b3  B.."..1"..}..@A.
[   63.024523] rsa_n_ffffffffa01266a0: e4 14 7d 7e cd 5f de 1d 67 35 d1 bd e3 e7 00 12  ..}~._..g5......
[   63.024529] rsa_n_ffffffffa01266b0: d0 82 e6 31 94 e8 ff 45 c4 b8 69 fc 0e 8d d2 90  ...1...E..i.....
[   63.024535] rsa_n_ffffffffa01266c0: 89 0d 44 e9 f7 e5 f4 93 ee 19 63 3a fc 9f 0d ee  ..D.......c:....
[   63.024542] rsa_n_ffffffffa01266d0: 96 1f ac fb 9f cd 6e 00 d0 75 86 d1 0f 3b ba 71  ......n..u...;.q
[   63.024547] rsa_n_ffffffffa01266e0: 08 28 f9 d5 7f 33 ed 5d 2e 11 93 26 84 1a 0d 94  .(...3.]...&....
[   63.024553] rsa_n_ffffffffa01266f0: 36 c4 04 67 bb f5 92 dd f5 26 5e 45 e8 52 7d cb  6..g.....&^E.R}.
[   63.024559] rsa_n_ffffffffa0126700: 13 8b 06 78 81 33 13 9a 4b fe 4e e3 24 ae d2 c2  ...x.3..K.N.$...
[   63.024566] rsa_n_ffffffffa0126710: 3c b9 2a ef 97 34 2f 5b 8b 3d 96 e3 94 9e 32 08  <.*..4/[.=....2.
[   63.024572] rsa_n_ffffffffa0126720: 39 44 2f 09 15 88 8f 9e ed 74 bc be 3f c4 98 53  9D/......t..?..S
[   63.024579] rsa_n_ffffffffa0126730: 5d ff 80 b0 06 b3 ed 09 12 c0 ce 90 87 8a 6a 29  ].............j)
[   63.024585] rsa_e_ffffffffa012663b: 01 00 01                                         ...
[   63.024595] Krsa: ==>krsa_make_digest()
[   63.024606] Krsa: hash [2], digest_size [20]
[   63.024613] valid_ffff88005bf0a700: 01 01 00 00 51 55 4f 54 b0 bc 37 52 01 21 46 77  ....QUOT..7R.!Fw
[   63.024619] valid_ffff88005bf0a710: e8 4b b1 ee 7c 4f b1 b3 bd 01 6e 90 01 01 01 01  .K..|O....n.....
[   63.024625] valid_ffff88005bf0a720: 01 01 01 01 01 01 01 01 01 01 01 01 01 01 01 01  ................
[   63.024634] Krsa: <==krsa_make_digest() = ok
[   63.024640] digest_ffff88005c245e00: 56 c1 39 ad a6 22 92 3a 46 f6 c5 a4 ce cd 21 13  V.9..".:F.....!.
[   63.024652] digest_ffff88005c245e10: e5 0c 71 be                                      ..q.
[   63.024664] Krsa: ==> krsa_verify()
[   63.024674] Krsa: step 1: k=2048 size(S)=2047
[   63.025033] Krsa: size(x)=2033 xLen*8=2048
[   63.025041] Krsa: ==> RSA_verify(,,256,20,15)
[   63.025047] Krsa: <== RSA_verify() = 0
[   63.025053] Krsa: <== krsa_verify() = 0
[   63.025058] Krsa: verification succeeded
[   63.025074] BUG: unable to handle kernel NULL pointer dereference at           (null)
[   63.025084] IP: [<          (null)>]           (null)
[   63.025090] PGD 0 
[   63.025097] Oops: 0010 [#1] SMP 
[   63.025104] Modules linked in: krsa(OF+) bnep rfcomm bluetooth snd_intel8x0 snd_ac97_codec ac97_bus snd_pcm snd_page_alloc snd_seq_midi snd_seq_midi_event snd_rawmidi joydev serio_raw snd_seq snd_seq_device i2c_piix4 snd_timer snd mac_hid soundcore parport_pc ppdev lp parport hid_generic usbhid hid psmouse ahci libahci e1000
[   63.025136] CPU: 0 PID: 1907 Comm: insmod Tainted: GF          O 3.13.0-32-generic #57-Ubuntu
[   63.025142] Hardware name: innotek GmbH VirtualBox/VirtualBox, BIOS VirtualBox 12/01/2006
[   63.025149] task: ffff88005af10000 ti: ffff88004d410000 task.ti: ffff88004d410000
[   63.025155] RIP: 0010:[<0000000000000000>]  [<          (null)>]           (null)
[   63.025162] RSP: 0018:ffff88004d411d50  EFLAGS: 00010286
[   63.025168] RAX: 0000000000000000 RBX: 0000000000000000 RCX: 0000000000001654
[   63.025174] RDX: 0000000000003fb4 RSI: 0000000000000046 RDI: 0000000000000246
[   63.025180] RBP: 0000000000000000 R08: 0000000000000086 R09: 000000000000022a
[   63.025186] R10: 0000000000000000 R11: ffff88004d4119ee R12: 0000000000000000
[   63.025191] R13: 0000000000000000 R14: 0000000000000000 R15: 0000000000000000
[   63.025198] FS:  00007f03ed5a5740(0000) GS:ffff880061400000(0000) knlGS:0000000000000000
[   63.025205] CS:  0010 DS: 0000 ES: 0000 CR0: 000000008005003b
[   63.025210] CR2: 0000000000000000 CR3: 000000003677a000 CR4: 00000000000006f0
[   63.025220] Stack:
[   63.025226]  0000000000000000 0000000000000000 0000000000000000 0000000000000000
[   63.025235]  0000000000000000 ffffffff810598d3 0000000000000000 ffffffffa002d000
[   63.025243]  000000002aa123fe ffffffffa0127018 ffff88004d411ef8 ffffffffa0127050
[   63.025252] Call Trace:
[   63.025269]  [<ffffffff810598d3>] ? set_memory_nx+0x43/0x50
[   63.025284]  [<ffffffff810e1f8d>] ? load_module+0x12dd/0x1b40
[   63.025297]  [<ffffffff810dda30>] ? store_uevent+0x40/0x40
[   63.025310]  [<ffffffff810e2966>] ? SyS_finit_module+0x86/0xb0
[   63.025324]  [<ffffffff8172c87f>] ? tracesys+0xe1/0xe6
[   63.025336] Code:  Bad RIP value.
[   63.025357] RIP  [<          (null)>]           (null)
[   63.025373]  RSP <ffff88004d411d50>
[   63.025385] CR2: 0000000000000000
[   63.025398] ---[ end trace 9c7403b18512b0c7 ]---
daveti@ubuntu14-crypto:~$ 

